<?xml version="1.0" encoding="UTF-8"?>
<testsuite xmlns:xsi="http://www.w3.org/2001/XMLSchema-instance" xsi:noNamespaceSchemaLocation="https://maven.apache.org/surefire/maven-surefire-plugin/xsd/surefire-test-report.xsd" name="de.unidue.ltl.lugha.uima.FarasaSegmenterTest" time="5.991" tests="2" errors="0" skipped="0" failures="0">
  <properties>
[...]
</properties>
  <testcase name="testFarasaSegmenterWithDiacritics" classname="de.unidue.ltl.lugha.uima.FarasaSegmenterTest" time="3.202"/>
  <testcase name="testFarasaSegmenter" classname="de.unidue.ltl.lugha.uima.FarasaSegmenterTest" time="2.752"/>
</testsuite>